[00:10:25] [Server thread/INFO]: Starting minecraft server version 1.8
[00:10:25] [Server thread/INFO]: Loading properties
[00:10:25] [Server thread/INFO]: Default game type: SURVIVAL
[00:10:25] [Server thread/INFO]: Generating keypair
[00:10:25] [Server thread/INFO]: Starting Minecraft server on *:25565
[00:10:26] [Server thread/WARN]: **** SERVER IS RUNNING IN OFFLINE/INSECURE MODE!
[00:10:26] [Server thread/WARN]: The server will make no attempt to authenticate usernames. Beware.
[00:10:26] [Server thread/WARN]: While this makes the game possible to play without internet access, it also opens up the ability for hackers to connect with any username they choose.
[00:10:26] [Server thread/WARN]: To change this, set "online-mode" to "true" in the server.properties file.
[00:10:26] [Server thread/INFO]: Preparing level "world"
[00:10:26] [Server thread/INFO]: Preparing start region for level 0
[00:10:27] [Server thread/INFO]: Preparing spawn area: 32%
[00:10:27] [Server thread/INFO]: Done (1,630s)! For help, type "help" or "?"
[00:13:24] [Server thread/INFO]: _McAfter_[/127.0.0.1:50145] logged in with entity id 305 at (41.6957139866532, 105.0, 126.24566273157016)
[00:13:24] [Server thread/INFO]: _McAfter_ joined the game
[00:14:57] [Server thread/INFO]: Gaibe[/25.50.136.231:52041] logged in with entity id 1825 at (44.69598955562804, 105.0, 122.17751193195332)
[00:14:57] [Server thread/INFO]: Gaibe joined the game
[00:21:17] [Server thread/WARN]: Can't keep up! Did the system time change, or is the server overloaded? Running 3241ms behind, skipping 64 tick(s)
[00:21:39] [Server thread/WARN]: Fetching addPacket for removed entity
[00:21:39] [Server thread/WARN]: Can't keep up! Did the system time change, or is the server overloaded? Running 3570ms behind, skipping 71 tick(s)
[00:22:18] [Server thread/WARN]: Can't keep up! Did the system time change, or is the server overloaded? Running 2500ms behind, skipping 50 tick(s)
[00:22:18] [Server thread/INFO]: Gaibe was slain by Zombie Pigman
[00:22:41] [Server thread/INFO]: Gaibe lost connection: TextComponent{text='Disconnected', siblings=[], style=Style{hasParent=false, color=null, bold=null, italic=null, underlined=null, obfuscated=null, clickEvent=null, hoverEvent=null, insertion=null}}
[00:22:41] [Server thread/INFO]: Gaibe left the game
[00:22:49] [Server thread/WARN]: Can't keep up! Did the system time change, or is the server overloaded? Running 6777ms behind, skipping 135 tick(s)
[00:22:50] [Server thread/INFO]: Gaibe[/25.50.136.231:52056] logged in with entity id 12210 at (41.5, 105.0999984741211, 123.5)
[00:22:50] [Server thread/INFO]: Gaibe joined the game
[00:23:42] [Server thread/WARN]: Can't keep up! Did the system time change, or is the server overloaded? Running 2135ms behind, skipping 42 tick(s)
[00:25:01] [Server thread/INFO]: Gaibe was slain by Zombie Pigman
[00:25:25] [Server thread/INFO]: Gaibe was slain by Gaibe
[00:27:18] [Server thread/INFO]: Unknown command. Try /help for a list of commands
[00:28:06] [Server thread/INFO]: Gaibe was shot by _McAfter_
[00:31:40] [Server thread/INFO]: Gaibe was slain by Zombie Pigman
[00:35:50] [Server thread/INFO]: Gaibe was slain by Zombie Pigman
[00:36:33] [Server thread/INFO]: _McAfter_ was slain by Zombie Pigman
[00:36:42] [Server thread/INFO]: _McAfter_ was slain by Gaibe
[00:37:00] [Server thread/INFO]: _McAfter_ was slain by Gaibe
[00:37:00] [Server thread/INFO]: Gaibe was slain by _McAfter_
[00:37:26] [Server thread/INFO]: Gaibe was slain by _McAfter_
[00:37:39] [Server thread/INFO]: Gaibe was slain by _McAfter_
[00:37:51] [Server thread/WARN]: _McAfter_ moved wrongly!
[00:37:57] [Server thread/INFO]: _McAfter_ was slain by Gaibe
[00:42:16] [Server thread/WARN]: Gaibe moved wrongly!
[00:44:30] [Server thread/WARN]: Can't keep up! Did the system time change, or is the server overloaded? Running 2597ms behind, skipping 51 tick(s)
[00:44:53] [Server thread/WARN]: Can't keep up! Did the system time change, or is the server overloaded? Running 2063ms behind, skipping 41 tick(s)
[00:45:08] [Server thread/WARN]: Can't keep up! Did the system time change, or is the server overloaded? Running 2185ms behind, skipping 43 tick(s)
[00:45:28] [Server thread/WARN]: Can't keep up! Did the system time change, or is the server overloaded? Running 3423ms behind, skipping 68 tick(s)
[00:45:43] [Server thread/WARN]: Can't keep up! Did the system time change, or is the server overloaded? Running 2202ms behind, skipping 44 tick(s)
[00:46:03] [Server thread/WARN]: Can't keep up! Did the system time change, or is the server overloaded? Running 2164ms behind, skipping 43 tick(s)
[00:46:27] [Server thread/WARN]: Can't keep up! Did the system time change, or is the server overloaded? Running 7014ms behind, skipping 140 tick(s)
[00:46:46] [Server thread/WARN]: Can't keep up! Did the system time change, or is the server overloaded? Running 7842ms behind, skipping 156 tick(s)
[00:47:09] [Server thread/WARN]: Can't keep up! Did the system time change, or is the server overloaded? Running 2014ms behind, skipping 40 tick(s)
[00:47:34] [Server thread/WARN]: Can't keep up! Did the system time change, or is the server overloaded? Running 8587ms behind, skipping 171 tick(s)
[00:47:49] [Server thread/WARN]: Can't keep up! Did the system time change, or is the server overloaded? Running 2937ms behind, skipping 58 tick(s)
[00:48:08] [Server thread/WARN]: Can't keep up! Did the system time change, or is the server overloaded? Running 2237ms behind, skipping 44 tick(s)
[00:48:30] [Server thread/WARN]: Can't keep up! Did the system time change, or is the server overloaded? Running 2790ms behind, skipping 55 tick(s)
[00:48:58] [Server thread/WARN]: Can't keep up! Did the system time change, or is the server overloaded? Running 2204ms behind, skipping 44 tick(s)
[00:49:54] [Server thread/WARN]: Can't keep up! Did the system time change, or is the server overloaded? Running 2826ms behind, skipping 56 tick(s)
[00:50:16] [Server thread/WARN]: Can't keep up! Did the system time change, or is the server overloaded? Running 2852ms behind, skipping 57 tick(s)
[00:51:03] [Server thread/WARN]: _McAfter_ moved wrongly!
[00:51:03] [Server thread/WARN]: Can't keep up! Did the system time change, or is the server overloaded? Running 2099ms behind, skipping 41 tick(s)
[00:51:20] [Server thread/WARN]: Can't keep up! Did the system time change, or is the server overloaded? Running 3532ms behind, skipping 70 tick(s)
[00:51:56] [Server thread/WARN]: Can't keep up! Did the system time change, or is the server overloaded? Running 2516ms behind, skipping 50 tick(s)
[00:52:05] [Server thread/WARN]: _McAfter_ moved wrongly!
[00:52:05] [Server thread/WARN]: _McAfter_ moved wrongly!
[00:52:25] [Server thread/WARN]: _McAfter_ moved wrongly!
[00:53:00] [Server thread/WARN]: Can't keep up! Did the system time change, or is the server overloaded? Running 2019ms behind, skipping 40 tick(s)
[01:02:57] [Server thread/WARN]: _McAfter_ moved wrongly!
[01:02:59] [Server thread/WARN]: _McAfter_ moved wrongly!
[01:04:54] [Server thread/WARN]: _McAfter_ moved wrongly!
[01:04:58] [Server thread/WARN]: _McAfter_ moved wrongly!
[01:11:17] [Server thread/INFO]: _McAfter_ has just earned the achievement [Getting Wood]
[01:14:41] [Server thread/INFO]: Gaibe was slain by Spider
[01:15:13] [Server thread/INFO]: Gaibe lost connection: TextComponent{text='Disconnected', siblings=[], style=Style{hasParent=false, color=null, bold=null, italic=null, underlined=null, obfuscated=null, clickEvent=null, hoverEvent=null, insertion=null}}
[01:15:13] [Server thread/INFO]: Gaibe left the game
[01:30:21] [Server thread/WARN]: _McAfter_ moved wrongly!
[01:30:24] [Server thread/WARN]: _McAfter_ moved wrongly!
[01:34:05] [Server thread/INFO]: _McAfter_ has just earned the achievement [Benchmarking]
[01:37:59] [Server thread/WARN]: Can't keep up! Did the system time change, or is the server overloaded? Running 28376ms behind, skipping 567 tick(s)
[01:38:03] [Server thread/WARN]: Can't keep up! Did the system time change, or is the server overloaded? Running 3528ms behind, skipping 70 tick(s)
[01:55:15] [Server thread/WARN]: Can't keep up! Did the system time change, or is the server overloaded? Running 2174ms behind, skipping 43 tick(s)
[01:55:15] [Server thread/WARN]: _McAfter_ moved wrongly!
[01:59:43] [Server thread/WARN]: Can't keep up! Did the system time change, or is the server overloaded? Running 2402ms behind, skipping 48 tick(s)
[02:06:02] [Server thread/WARN]: _McAfter_ moved wrongly!
[02:11:38] [Server thread/WARN]: Can't keep up! Did the system time change, or is the server overloaded? Running 2532ms behind, skipping 50 tick(s)
[02:13:49] [Server thread/WARN]: Can't keep up! Did the system time change, or is the server overloaded? Running 2510ms behind, skipping 50 tick(s)
[02:16:53] [Server thread/WARN]: Can't keep up! Did the system time change, or is the server overloaded? Running 2564ms behind, skipping 51 tick(s)
[02:20:50] [Server thread/INFO]: _McAfter_ lost connection: TextComponent{text='Disconnected', siblings=[], style=Style{hasParent=false, color=null, bold=null, italic=null, underlined=null, obfuscated=null, clickEvent=null, hoverEvent=null, insertion=null}}
[02:20:50] [Server thread/INFO]: _McAfter_ left the game
[02:21:08] [Server thread/WARN]: Time ran backwards! Did the system time change?
[02:31:36] [Server thread/WARN]: Can't keep up! Did the system time change, or is the server overloaded? Running 623666ms behind, skipping 12473 tick(s)
[03:31:47] [Server thread/WARN]: Can't keep up! Did the system time change, or is the server overloaded? Running 3595893ms behind, skipping 71917 tick(s)
[03:31:50] [Server thread/WARN]: Can't keep up! Did the system time change, or is the server overloaded? Running 2381ms behind, skipping 47 tick(s)
[03:32:21] [Server thread/WARN]: Can't keep up! Did the system time change, or is the server overloaded? Running 2203ms behind, skipping 44 tick(s)
[03:32:21] [Server thread/WARN]: Time ran backwards! Did the system time change?
[05:32:55] [Server Watchdog/FATAL]: A single server tick took 3635,67 seconds (should be max 0,05)
[05:32:55] [Server Watchdog/FATAL]: Considering it to be crashed, server will forcibly shutdown.
[05:32:57] [Server Watchdog/ERROR]: This crash report has been saved to: /Users/afterwar/Crafter/./crash-reports/crash-2014-10-22_05.32.57-server.txt
[05:32:57] [Server Shutdown Thread/INFO]: Stopping server
[05:32:57] [Server Shutdown Thread/INFO]: Saving players
